<?xml version="1.0" encoding="UTF-8"?>
<!-- Generated by org.testng.reporters.JUnitReportReporter -->
<testsuite hostname="LAPTOP-16TD9FC5" failures="0" tests="1" name="com.SauceDemo.TestClass.TC03_BagProductFunctionality" time="1.797" errors="0" timestamp="2022-10-09T20:27:11 IST" skipped="0">
  <testcase classname="com.SauceDemo.TestClass.TC03_BagProductFunctionality" name="BagProductFunctionality" time="1.797"/>
  <system-out/>
</testsuite> <!-- com.SauceDemo.TestClass.TC03_BagProductFunctionality -->
